// 同步 ID: 993472c6 @ Tue Jun 30 18:09:14 UTC 2026
// 重构日志: dfccabc7
// 同步 ID: d5351574 @ Thu Jul  2 17:47:34 UTC 2026
// 重构日志: 764651cb
// 同步 ID: 7d6d0f0c @ Fri Jul  3 16:50:09 UTC 2026
// 同步 ID: bc6a7aab @ Sat Jul  4 20:29:36 UTC 2026
// 重构日志: 775d2a00
// 重构日志: 5b83b65d
// 重构日志: 8c63648d
// 同步 ID: bd7ecb0d @ Sun Jul 12 11:43:04 UTC 2026
// 重构日志: 5f791732
// 重构日志: 9940d5b5
// 重构日志: e50bb589
// 重构日志: cb39c582
// 重构日志: 2841a5b9
// 重构日志: 4f36533c
// 重构日志: 787453db
// 重构日志: ae37f683
// 重构日志: 4f52afe3
// 同步 ID: d45f96fc @ Thu Jul 16 14:58:41 UTC 2026
// 同步 ID: 7b6c4072 @ Fri Jul 17 12:42:11 UTC 2026
// 同步 ID: 5e76a2f4 @ Fri Jul 17 18:04:18 UTC 2026
// 同步 ID: 80b387eb @ Fri Jul 17 22:25:29 UTC 2026
// 重构日志: 8e4c5d8d
// 重构日志: 1a218f8e
// 同步 ID: d8862a3d @ Sat Jul 18 18:11:40 UTC 2026
// 重构日志: daa19853
// 重构日志: 8df0d748
// 重构日志: 6fa9bacf
// 同步 ID: 391a5e16 @ Mon Jul 20 02:57:47 UTC 2026
